# JRE version: Java(TM) SE Runtime Environment (17.0+35) (build 17+35-LTS-2724)
# Java VM: Java HotSpot(TM) 64-Bit Server VM (17+35-LTS-2724, mixed mode, sharing, tiered, compressed oops, compressed class ptrs, g1 gc, windows-amd64)
GC Precious Log:
 CPUs: 4 total, 4 available
 Memory: 4001M
 Large Page Support: Disabled
 NUMA Support: Disabled
 Compressed Oops: Enabled (32-bit)
 Heap Region Size: 1M
 Heap Min Capacity: 8M
 Heap Initial Capacity: 64M
 Heap Max Capacity: 1002M
 Pre-touch: Disabled
 Parallel Workers: 4
 Concurrent Workers: 1
 Concurrent Refinement Workers: 4
 Periodic GC: Disabled
Heap:
 garbage-first heap   total 54272K, used 21841K [0x00000000c1600000, 0x0000000100000000)
  region size 1024K, 7 young (7168K), 3 survivors (3072K)
 Metaspace       used 34614K, committed 35072K, reserved 1081344K
  class space    used 4389K, committed 4608K, reserved 1048576K
GC Heap History (18 events):
Event: 1.163 GC heap before
{Heap before GC invocations=0 (full 0):
 garbage-first heap   total 65536K, used 12288K [0x00000000c1600000, 0x0000000100000000)
  region size 1024K, 13 young (13312K), 0 survivors (0K)
 Metaspace       used 3334K, committed 3456K, reserved 1056768K
  class space    used 338K, committed 384K, reserved 1048576K
}
Event: 1.189 GC heap after
{Heap after GC invocations=1 (full 0):
 garbage-first heap   total 65536K, used 5088K [0x00000000c1600000, 0x0000000100000000)
  region size 1024K, 2 young (2048K), 2 survivors (2048K)
 Metaspace       used 3334K, committed 3456K, reserved 1056768K
  class space    used 338K, committed 384K, reserved 1048576K
}
Event: 1.688 GC heap before
{Heap before GC invocations=1 (full 0):
 garbage-first heap   total 65536K, used 14304K [0x00000000c1600000, 0x0000000100000000)
  region size 1024K, 11 young (11264K), 2 survivors (2048K)
 Metaspace       used 6116K, committed 6336K, reserved 1056768K
  class space    used 714K, committed 832K, reserved 1048576K
}
Event: 1.694 GC heap after
{Heap after GC invocations=2 (full 0):
 garbage-first heap   total 65536K, used 6141K [0x00000000c1600000, 0x0000000100000000)
  region size 1024K, 2 young (2048K), 2 survivors (2048K)
 Metaspace       used 6116K, committed 6336K, reserved 1056768K
  class space    used 714K, committed 832K, reserved 1048576K
}
Event: 2.493 GC heap before
{Heap before GC invocations=2 (full 0):
 garbage-first heap   total 65536K, used 27645K [0x00000000c1600000, 0x0000000100000000)
  region size 1024K, 24 young (24576K), 2 survivors (2048K)
 Metaspace       used 12294K, committed 12544K, reserved 1064960K
  class space    used 1498K, committed 1600K, reserved 1048576K
}
Event: 2.497 GC heap after
{Heap after GC invocations=3 (full 0):
 garbage-first heap   total 65536K, used 7458K [0x00000000c1600000, 0x0000000100000000)
  region size 1024K, 3 young (3072K), 3 survivors (3072K)
 Metaspace       used 12294K, committed 12544K, reserved 1064960K
  class space    used 1498K, committed 1600K, reserved 1048576K
}
Event: 3.731 GC heap before
{Heap before GC invocations=3 (full 0):
 garbage-first heap   total 65536K, used 41250K [0x00000000c1600000, 0x0000000100000000)
  region size 1024K, 36 young (36864K), 3 survivors (3072K)
 Metaspace       used 18083K, committed 18368K, reserved 1064960K
  class space    used 2238K, committed 2368K, reserved 1048576K
}
Event: 3.740 GC heap after
{Heap after GC invocations=4 (full 0):
 garbage-first heap   total 65536K, used 9720K [0x00000000c1600000, 0x0000000100000000)
  region size 1024K, 5 young (5120K), 5 survivors (5120K)
 Metaspace       used 18083K, committed 18368K, reserved 1064960K
  class space    used 2238K, committed 2368K, reserved 1048576K
}
Event: 4.490 GC heap before
{Heap before GC invocations=4 (full 0):
 garbage-first heap   total 65536K, used 25080K [0x00000000c1600000, 0x0000000100000000)
  region size 1024K, 21 young (21504K), 5 survivors (5120K)
 Metaspace       used 21263K, committed 21504K, reserved 1073152K
  class space    used 2674K, committed 2816K, reserved 1048576K
}
Event: 4.505 GC heap after
{Heap after GC invocations=5 (full 0):
 garbage-first heap   total 65536K, used 11054K [0x00000000c1600000, 0x0000000100000000)
  region size 1024K, 4 young (4096K), 4 survivors (4096K)
 Metaspace       used 21263K, committed 21504K, reserved 1073152K
  class space    used 2674K, committed 2816K, reserved 1048576K
}
Event: 5.468 GC heap before
{Heap before GC invocations=6 (full 0):
 garbage-first heap   total 45056K, used 33582K [0x00000000c1600000, 0x0000000100000000)
  region size 1024K, 26 young (26624K), 4 survivors (4096K)
 Metaspace       used 25428K, committed 25728K, reserved 1073152K
  class space    used 3199K, committed 3328K, reserved 1048576K
}
Event: 5.483 GC heap after
{Heap after GC invocations=7 (full 0):
 garbage-first heap   total 45056K, used 13359K [0x00000000c1600000, 0x0000000100000000)
  region size 1024K, 4 young (4096K), 4 survivors (4096K)
 Metaspace       used 25428K, committed 25728K, reserved 1073152K
  class space    used 3199K, committed 3328K, reserved 1048576K
}
Event: 6.769 GC heap before
{Heap before GC invocations=7 (full 0):
 garbage-first heap   total 45056K, used 30767K [0x00000000c1600000, 0x0000000100000000)
  region size 1024K, 22 young (22528K), 4 survivors (4096K)
 Metaspace       used 29978K, committed 30272K, reserved 1081344K
  class space    used 3756K, committed 3904K, reserved 1048576K
}
Event: 6.778 GC heap after
{Heap after GC invocations=8 (full 0):
 garbage-first heap   total 45056K, used 14911K [0x00000000c1600000, 0x0000000100000000)
  region size 1024K, 2 young (2048K), 2 survivors (2048K)
 Metaspace       used 29978K, committed 30272K, reserved 1081344K
  class space    used 3756K, committed 3904K, reserved 1048576K
}
Event: 7.404 GC heap before
{Heap before GC invocations=8 (full 0):
 garbage-first heap   total 45056K, used 30271K [0x00000000c1600000, 0x0000000100000000)
  region size 1024K, 18 young (18432K), 2 survivors (2048K)
 Metaspace       used 31591K, committed 31872K, reserved 1081344K
  class space    used 3965K, committed 4096K, reserved 1048576K
}
Event: 7.412 GC heap after
{Heap after GC invocations=9 (full 0):
 garbage-first heap   total 45056K, used 16584K [0x00000000c1600000, 0x0000000100000000)
  region size 1024K, 3 young (3072K), 3 survivors (3072K)
 Metaspace       used 31591K, committed 31872K, reserved 1081344K
  class space    used 3965K, committed 4096K, reserved 1048576K
}
Event: 8.003 GC heap before
{Heap before GC invocations=9 (full 0):
 garbage-first heap   total 45056K, used 31944K [0x00000000c1600000, 0x0000000100000000)
  region size 1024K, 18 young (18432K), 3 survivors (3072K)
 Metaspace       used 34217K, committed 34560K, reserved 1081344K
  class space    used 4340K, committed 4544K, reserved 1048576K
}
Event: 8.011 GC heap after
{Heap after GC invocations=10 (full 0):
 garbage-first heap   total 54272K, used 18769K [0x00000000c1600000, 0x0000000100000000)
  region size 1024K, 3 young (3072K), 3 survivors (3072K)
 Metaspace       used 34217K, committed 34560K, reserved 1081344K
  class space    used 4340K, committed 4544K, reserved 1048576K
}

